{"D:\\nasr\\projects\\web-development\\courses\\mevn\\client\\src\\App.vue": {"path":"D:\\nasr\\projects\\web-development\\courses\\mevn\\client\\src\\App.vue","statementMap":{"0":{"start":{"line":12,"column":0},"end":{"line":12,"column":null}},"1":{"start":{"line":13,"column":0},"end":{"line":13,"column":null}}},"fnMap":{},"branchMap":{},"s":{"0":0,"1":0},"f":{},"b":{}}
,"D:\\nasr\\projects\\web-development\\courses\\mevn\\client\\src\\components\\Footer.vue": {"path":"D:\\nasr\\projects\\web-development\\courses\\mevn\\client\\src\\components\\Footer.vue","statementMap":{"0":{"start":{"line":45,"column":0},"end":{"line":45,"column":null}}},"fnMap":{"0":{"name":"(anonymous_1)","decl":{"start":{"line":45,"column":0},"end":{"line":45,"column":null}},"loc":{"start":{"line":45,"column":0},"end":{"line":45,"column":null}}}},"branchMap":{},"s":{"0":0},"f":{"0":0},"b":{}}
,"D:\\nasr\\projects\\web-development\\courses\\mevn\\client\\src\\components\\HelloWorld.vue": {"path":"D:\\nasr\\projects\\web-development\\courses\\mevn\\client\\src\\components\\HelloWorld.vue","statementMap":{"0":{"start":{"line":42,"column":0},"end":{"line":42,"column":null}},"1":{"start":{"line":46,"column":0},"end":{"line":46,"column":null}},"2":{"start":{"line":48,"column":0},"end":{"line":48,"column":null}}},"fnMap":{"0":{"name":"(anonymous_1)","decl":{"start":{"line":46,"column":0},"end":{"line":46,"column":null}},"loc":{"start":{"line":46,"column":0},"end":{"line":46,"column":null}}},"1":{"name":"(anonymous_3)","decl":{"start":{"line":48,"column":0},"end":{"line":48,"column":null}},"loc":{"start":{"line":48,"column":0},"end":{"line":48,"column":null}}}},"branchMap":{},"s":{"0":0,"1":0,"2":0},"f":{"0":0,"1":0},"b":{}}
,"D:\\nasr\\projects\\web-development\\courses\\mevn\\client\\src\\components\\Input.vue": {"path":"D:\\nasr\\projects\\web-development\\courses\\mevn\\client\\src\\components\\Input.vue","statementMap":{},"fnMap":{},"branchMap":{"0":{"loc":{"start":{"line":81,"column":0},"end":{"line":81,"column":null}},"type":"binary-expr","locations":[{"start":{"line":81,"column":0},"end":{"line":81,"column":null}},{"start":{"line":81,"column":0},"end":{"line":81,"column":null}}]}},"s":{},"f":{},"b":{"0":[0,0]}}
,"D:\\nasr\\projects\\web-development\\courses\\mevn\\client\\src\\components\\Logos.vue": {"path":"D:\\nasr\\projects\\web-development\\courses\\mevn\\client\\src\\components\\Logos.vue","statementMap":{"0":{"start":{"line":56,"column":0},"end":{"line":56,"column":null}}},"fnMap":{"0":{"name":"(anonymous_1)","decl":{"start":{"line":56,"column":0},"end":{"line":56,"column":null}},"loc":{"start":{"line":56,"column":0},"end":{"line":56,"column":null}}}},"branchMap":{},"s":{"0":0},"f":{"0":0},"b":{}}
,"D:\\nasr\\projects\\web-development\\courses\\mevn\\client\\src\\components\\Nav.vue": {"path":"D:\\nasr\\projects\\web-development\\courses\\mevn\\client\\src\\components\\Nav.vue","statementMap":{"0":{"start":{"line":62,"column":0},"end":{"line":62,"column":null}},"1":{"start":{"line":65,"column":0},"end":{"line":65,"column":null}},"2":{"start":{"line":70,"column":0},"end":{"line":70,"column":null}}},"fnMap":{"0":{"name":"(anonymous_1)","decl":{"start":{"line":65,"column":0},"end":{"line":65,"column":null}},"loc":{"start":{"line":65,"column":0},"end":{"line":65,"column":null}}},"1":{"name":"(anonymous_2)","decl":{"start":{"line":69,"column":0},"end":{"line":69,"column":null}},"loc":{"start":{"line":69,"column":0},"end":{"line":71,"column":null}}},"2":{"name":"(anonymous_3)","decl":{"start":{"line":70,"column":0},"end":{"line":70,"column":null}},"loc":{"start":{"line":70,"column":0},"end":{"line":70,"column":null}}}},"branchMap":{},"s":{"0":0,"1":0,"2":0},"f":{"0":0,"1":0,"2":0},"b":{}}
,"D:\\nasr\\projects\\web-development\\courses\\mevn\\client\\src\\views\\About.vue": {"path":"D:\\nasr\\projects\\web-development\\courses\\mevn\\client\\src\\views\\About.vue","statementMap":{"0":{"start":{"line":76,"column":0},"end":{"line":76,"column":null}},"1":{"start":{"line":77,"column":0},"end":{"line":77,"column":null}}},"fnMap":{},"branchMap":{},"s":{"0":1,"1":1},"f":{},"b":{}}
,"D:\\nasr\\projects\\web-development\\courses\\mevn\\client\\src\\views\\Home.vue": {"path":"D:\\nasr\\projects\\web-development\\courses\\mevn\\client\\src\\views\\Home.vue","statementMap":{"0":{"start":{"line":9,"column":0},"end":{"line":9,"column":null}}},"fnMap":{},"branchMap":{},"s":{"0":0},"f":{},"b":{}}
,"D:\\nasr\\projects\\web-development\\courses\\mevn\\client\\src\\views\\Login.vue": {"path":"D:\\nasr\\projects\\web-development\\courses\\mevn\\client\\src\\views\\Login.vue","statementMap":{"0":{"start":{"line":92,"column":0},"end":{"line":92,"column":null}},"1":{"start":{"line":93,"column":0},"end":{"line":93,"column":null}},"2":{"start":{"line":94,"column":0},"end":{"line":94,"column":null}},"3":{"start":{"line":99,"column":0},"end":{"line":99,"column":null}},"4":{"start":{"line":113,"column":0},"end":{"line":113,"column":null}},"5":{"start":{"line":115,"column":0},"end":{"line":115,"column":null}},"6":{"start":{"line":116,"column":0},"end":{"line":124,"column":null}},"7":{"start":{"line":118,"column":0},"end":{"line":121,"column":null}},"8":{"start":{"line":119,"column":0},"end":{"line":119,"column":null}},"9":{"start":{"line":120,"column":0},"end":{"line":120,"column":null}},"10":{"start":{"line":123,"column":0},"end":{"line":123,"column":null}}},"fnMap":{"0":{"name":"(anonymous_1)","decl":{"start":{"line":98,"column":0},"end":{"line":98,"column":null}},"loc":{"start":{"line":98,"column":0},"end":{"line":108,"column":null}}},"1":{"name":"(anonymous_2)","decl":{"start":{"line":112,"column":0},"end":{"line":112,"column":null}},"loc":{"start":{"line":112,"column":0},"end":{"line":125,"column":null}}},"2":{"name":"(anonymous_3)","decl":{"start":{"line":116,"column":0},"end":{"line":116,"column":null}},"loc":{"start":{"line":116,"column":0},"end":{"line":122,"column":null}}},"3":{"name":"(anonymous_4)","decl":{"start":{"line":122,"column":0},"end":{"line":122,"column":null}},"loc":{"start":{"line":122,"column":0},"end":{"line":124,"column":null}}}},"branchMap":{"0":{"loc":{"start":{"line":118,"column":0},"end":{"line":121,"column":null}},"type":"if","locations":[{"start":{"line":118,"column":0},"end":{"line":121,"column":null}},{"start":{"line":118,"column":0},"end":{"line":121,"column":null}}]}},"s":{"0":0,"1":0,"2":0,"3":0,"4":0,"5":0,"6":0,"7":0,"8":0,"9":0,"10":0},"f":{"0":0,"1":0,"2":0,"3":0},"b":{"0":[0,0]}}
,"D:\\nasr\\projects\\web-development\\courses\\mevn\\client\\src\\views\\Profile.vue": {"path":"D:\\nasr\\projects\\web-development\\courses\\mevn\\client\\src\\views\\Profile.vue","statementMap":{"0":{"start":{"line":62,"column":0},"end":{"line":62,"column":null}},"1":{"start":{"line":66,"column":0},"end":{"line":66,"column":null}},"2":{"start":{"line":69,"column":0},"end":{"line":71,"column":null}},"3":{"start":{"line":70,"column":0},"end":{"line":70,"column":null}},"4":{"start":{"line":72,"column":0},"end":{"line":72,"column":null}}},"fnMap":{"0":{"name":"(anonymous_1)","decl":{"start":{"line":66,"column":0},"end":{"line":66,"column":null}},"loc":{"start":{"line":66,"column":0},"end":{"line":66,"column":null}}},"1":{"name":"(anonymous_2)","decl":{"start":{"line":68,"column":0},"end":{"line":68,"column":null}},"loc":{"start":{"line":68,"column":0},"end":{"line":73,"column":null}}}},"branchMap":{"0":{"loc":{"start":{"line":69,"column":0},"end":{"line":71,"column":null}},"type":"if","locations":[{"start":{"line":69,"column":0},"end":{"line":71,"column":null}},{"start":{"line":69,"column":0},"end":{"line":71,"column":null}}]}},"s":{"0":0,"1":0,"2":0,"3":0,"4":0},"f":{"0":0,"1":0},"b":{"0":[0,0]}}
,"D:\\nasr\\projects\\web-development\\courses\\mevn\\client\\src\\views\\Register.vue": {"path":"D:\\nasr\\projects\\web-development\\courses\\mevn\\client\\src\\views\\Register.vue","statementMap":{"0":{"start":{"line":108,"column":0},"end":{"line":108,"column":null}},"1":{"start":{"line":109,"column":0},"end":{"line":109,"column":null}},"2":{"start":{"line":110,"column":0},"end":{"line":110,"column":null}},"3":{"start":{"line":115,"column":0},"end":{"line":115,"column":null}},"4":{"start":{"line":133,"column":0},"end":{"line":133,"column":null}},"5":{"start":{"line":134,"column":0},"end":{"line":138,"column":null}},"6":{"start":{"line":135,"column":0},"end":{"line":137,"column":null}},"7":{"start":{"line":136,"column":0},"end":{"line":136,"column":null}},"8":{"start":{"line":138,"column":0},"end":{"line":138,"column":null}}},"fnMap":{"0":{"name":"(anonymous_1)","decl":{"start":{"line":114,"column":0},"end":{"line":114,"column":null}},"loc":{"start":{"line":114,"column":0},"end":{"line":129,"column":null}}},"1":{"name":"(anonymous_2)","decl":{"start":{"line":132,"column":0},"end":{"line":132,"column":null}},"loc":{"start":{"line":132,"column":0},"end":{"line":139,"column":null}}},"2":{"name":"(anonymous_3)","decl":{"start":{"line":134,"column":0},"end":{"line":134,"column":null}},"loc":{"start":{"line":134,"column":0},"end":{"line":138,"column":null}}},"3":{"name":"(anonymous_4)","decl":{"start":{"line":138,"column":0},"end":{"line":138,"column":null}},"loc":{"start":{"line":138,"column":0},"end":{"line":138,"column":null}}}},"branchMap":{"0":{"loc":{"start":{"line":135,"column":0},"end":{"line":137,"column":null}},"type":"if","locations":[{"start":{"line":135,"column":0},"end":{"line":137,"column":null}},{"start":{"line":135,"column":0},"end":{"line":137,"column":null}}]}},"s":{"0":0,"1":0,"2":0,"3":0,"4":0,"5":0,"6":0,"7":0,"8":0},"f":{"0":0,"1":0,"2":0,"3":0},"b":{"0":[0,0]}}
}
