TN:
SF:D:\nasr\projects\web-development\courses\mevn\client\src\App.vue
FNF:0
FNH:0
DA:12,0
DA:13,0
LF:2
LH:0
BRF:0
BRH:0
end_of_record
TN:
SF:D:\nasr\projects\web-development\courses\mevn\client\src\components\Footer.vue
FN:45,(anonymous_1)
FNF:1
FNH:0
FNDA:0,(anonymous_1)
DA:45,0
LF:1
LH:0
BRF:0
BRH:0
end_of_record
TN:
SF:D:\nasr\projects\web-development\courses\mevn\client\src\components\HelloWorld.vue
FN:46,(anonymous_1)
FN:48,(anonymous_3)
FNF:2
FNH:0
FNDA:0,(anonymous_1)
FNDA:0,(anonymous_3)
DA:42,0
DA:46,0
DA:48,0
LF:3
LH:0
BRF:0
BRH:0
end_of_record
TN:
SF:D:\nasr\projects\web-development\courses\mevn\client\src\components\Input.vue
FNF:0
FNH:0
LF:0
LH:0
BRDA:81,0,0,0
BRDA:81,0,1,0
BRF:2
BRH:0
end_of_record
TN:
SF:D:\nasr\projects\web-development\courses\mevn\client\src\components\Logos.vue
FN:56,(anonymous_1)
FNF:1
FNH:0
FNDA:0,(anonymous_1)
DA:56,0
LF:1
LH:0
BRF:0
BRH:0
end_of_record
TN:
SF:D:\nasr\projects\web-development\courses\mevn\client\src\components\Nav.vue
FN:65,(anonymous_1)
FN:69,(anonymous_2)
FN:70,(anonymous_3)
FNF:3
FNH:0
FNDA:0,(anonymous_1)
FNDA:0,(anonymous_2)
FNDA:0,(anonymous_3)
DA:62,0
DA:65,0
DA:70,0
LF:3
LH:0
BRF:0
BRH:0
end_of_record
TN:
SF:D:\nasr\projects\web-development\courses\mevn\client\src\views\About.vue
FNF:0
FNH:0
DA:76,1
DA:77,1
LF:2
LH:2
BRF:0
BRH:0
end_of_record
TN:
SF:D:\nasr\projects\web-development\courses\mevn\client\src\views\Home.vue
FNF:0
FNH:0
DA:9,0
LF:1
LH:0
BRF:0
BRH:0
end_of_record
TN:
SF:D:\nasr\projects\web-development\courses\mevn\client\src\views\Login.vue
FN:98,(anonymous_1)
FN:112,(anonymous_2)
FN:116,(anonymous_3)
FN:122,(anonymous_4)
FNF:4
FNH:0
FNDA:0,(anonymous_1)
FNDA:0,(anonymous_2)
FNDA:0,(anonymous_3)
FNDA:0,(anonymous_4)
DA:92,0
DA:93,0
DA:94,0
DA:99,0
DA:113,0
DA:115,0
DA:116,0
DA:118,0
DA:119,0
DA:120,0
DA:123,0
LF:11
LH:0
BRDA:118,0,0,0
BRDA:118,0,1,0
BRF:2
BRH:0
end_of_record
TN:
SF:D:\nasr\projects\web-development\courses\mevn\client\src\views\Profile.vue
FN:66,(anonymous_1)
FN:68,(anonymous_2)
FNF:2
FNH:0
FNDA:0,(anonymous_1)
FNDA:0,(anonymous_2)
DA:62,0
DA:66,0
DA:69,0
DA:70,0
DA:72,0
LF:5
LH:0
BRDA:69,0,0,0
BRDA:69,0,1,0
BRF:2
BRH:0
end_of_record
TN:
SF:D:\nasr\projects\web-development\courses\mevn\client\src\views\Register.vue
FN:114,(anonymous_1)
FN:132,(anonymous_2)
FN:134,(anonymous_3)
FN:138,(anonymous_4)
FNF:4
FNH:0
FNDA:0,(anonymous_1)
FNDA:0,(anonymous_2)
FNDA:0,(anonymous_3)
FNDA:0,(anonymous_4)
DA:108,0
DA:109,0
DA:110,0
DA:115,0
DA:133,0
DA:134,0
DA:135,0
DA:136,0
DA:138,0
LF:9
LH:0
BRDA:135,0,0,0
BRDA:135,0,1,0
BRF:2
BRH:0
end_of_record
